2024-05-08T21:36:19.688+07:00  INFO 13992 --- [restartedMain] ntk.tlu.project1.Project1Application     : Starting Project1Application using Java 17.0.10 with PID 13992 (C:\Users\Dell\Downloads\kiendevquen-ShopNTK-master\target\classes started by Dell in C:\Users\Dell\Downloads\kiendevquen-ShopNTK-master)
2024-05-08T21:36:19.702+07:00  INFO 13992 --- [restartedMain] ntk.tlu.project1.Project1Application     : No active profile set, falling back to 1 default profile: "default"
2024-05-08T21:36:19.843+07:00  INFO 13992 --- [restartedMain] .e.DevToolsPropertyDefaultsPostProcessor : Devtools property defaults active! Set 'spring.devtools.add-properties' to 'false' to disable
2024-05-08T21:36:19.844+07:00  INFO 13992 --- [restartedMain] .e.DevToolsPropertyDefaultsPostProcessor : For additional web related logging consider setting the 'logging.level.web' property to 'DEBUG'
2024-05-08T21:36:21.476+07:00  INFO 13992 --- [restartedMain] .s.d.r.c.RepositoryConfigurationDelegate : Bootstrapping Spring Data JPA repositories in DEFAULT mode.
2024-05-08T21:36:21.587+07:00  INFO 13992 --- [restartedMain] .s.d.r.c.RepositoryConfigurationDelegate : Finished Spring Data repository scanning in 97 ms. Found 7 JPA repository interfaces.
2024-05-08T21:36:22.658+07:00  INFO 13992 --- [restartedMain] o.s.b.w.embedded.tomcat.TomcatWebServer  : Tomcat initialized with port 5555 (http)
2024-05-08T21:36:22.678+07:00  INFO 13992 --- [restartedMain] o.apache.catalina.core.StandardService   : Starting service [Tomcat]
2024-05-08T21:36:22.680+07:00  INFO 13992 --- [restartedMain] o.apache.catalina.core.StandardEngine    : Starting Servlet engine: [Apache Tomcat/10.1.18]
2024-05-08T21:36:22.779+07:00  INFO 13992 --- [restartedMain] o.a.c.c.C.[Tomcat].[localhost].[/]       : Initializing Spring embedded WebApplicationContext
2024-05-08T21:36:22.781+07:00  INFO 13992 --- [restartedMain] w.s.c.ServletWebServerApplicationContext : Root WebApplicationContext: initialization completed in 2930 ms
2024-05-08T21:36:23.036+07:00  INFO 13992 --- [restartedMain] com.zaxxer.hikari.HikariDataSource       : HikariPool-1 - Starting...
2024-05-08T21:36:23.046+07:00  WARN 13992 --- [restartedMain] c.zaxxer.hikari.util.DriverDataSource    : Registered driver with driverClassName=com.mysql.jdbc.Driver was not found, trying direct instantiation.
2024-05-08T21:36:23.260+07:00  INFO 13992 --- [restartedMain] com.zaxxer.hikari.pool.HikariPool        : HikariPool-1 - Added connection com.mysql.cj.jdbc.ConnectionImpl@32ef5c4f
2024-05-08T21:36:23.264+07:00  INFO 13992 --- [restartedMain] com.zaxxer.hikari.HikariDataSource       : HikariPool-1 - Start completed.
2024-05-08T21:36:23.328+07:00  INFO 13992 --- [restartedMain] o.hibernate.jpa.internal.util.LogHelper  : HHH000204: Processing PersistenceUnitInfo [name: default]
2024-05-08T21:36:23.463+07:00  INFO 13992 --- [restartedMain] org.hibernate.Version                    : HHH000412: Hibernate ORM core version 6.4.1.Final
2024-05-08T21:36:23.538+07:00  INFO 13992 --- [restartedMain] o.h.c.internal.RegionFactoryInitiator    : HHH000026: Second-level cache disabled
2024-05-08T21:36:23.955+07:00  INFO 13992 --- [restartedMain] o.s.o.j.p.SpringPersistenceUnitInfo      : No LoadTimeWeaver setup: ignoring JPA class transformer
2024-05-08T21:36:24.038+07:00  WARN 13992 --- [restartedMain] org.hibernate.orm.deprecation            : HHH90000025: MySQL8Dialect does not need to be specified explicitly using 'hibernate.dialect' (remove the property setting and it will be selected by default)
2024-05-08T21:36:24.042+07:00  WARN 13992 --- [restartedMain] org.hibernate.orm.deprecation            : HHH90000026: MySQL8Dialect has been deprecated; use org.hibernate.dialect.MySQLDialect instead
2024-05-08T21:36:25.688+07:00  INFO 13992 --- [restartedMain] o.h.e.t.j.p.i.JtaPlatformInitiator       : HHH000489: No JTA platform available (set 'hibernate.transaction.jta.platform' to enable JTA platform integration)
2024-05-08T21:36:25.966+07:00  INFO 13992 --- [restartedMain] j.LocalContainerEntityManagerFactoryBean : Initialized JPA EntityManagerFactory for persistence unit 'default'
2024-05-08T21:36:26.383+07:00  INFO 13992 --- [restartedMain] o.s.d.j.r.query.QueryEnhancerFactory     : Hibernate is in classpath; If applicable, HQL parser will be used.
2024-05-08T21:36:28.032+07:00  WARN 13992 --- [restartedMain] JpaBaseConfiguration$JpaWebConfiguration : spring.jpa.open-in-view is enabled by default. Therefore, database queries may be performed during view rendering. Explicitly configure spring.jpa.open-in-view to disable this warning
2024-05-08T21:36:28.510+07:00  INFO 13992 --- [restartedMain] o.s.s.web.DefaultSecurityFilterChain     : Will secure any request with [org.springframework.security.web.session.DisableEncodeUrlFilter@22a9f590, org.springframework.security.web.context.request.async.WebAsyncManagerIntegrationFilter@6a140290, org.springframework.security.web.context.SecurityContextHolderFilter@153e100, org.springframework.security.web.header.HeaderWriterFilter@3e36c751, org.springframework.web.filter.CorsFilter@7728a6c0, org.springframework.security.web.authentication.logout.LogoutFilter@7983b718, org.springframework.security.web.authentication.UsernamePasswordAuthenticationFilter@1b3cb18a, org.springframework.security.web.authentication.www.BasicAuthenticationFilter@3365c88a, org.springframework.security.web.savedrequest.RequestCacheAwareFilter@60a2cf4f, org.springframework.security.web.servletapi.SecurityContextHolderAwareRequestFilter@3b17ada1, org.springframework.security.web.authentication.AnonymousAuthenticationFilter@1517f493, org.springframework.security.web.access.ExceptionTranslationFilter@69bf530b, org.springframework.security.web.access.intercept.AuthorizationFilter@7805d993]
2024-05-08T21:36:29.043+07:00  INFO 13992 --- [restartedMain] org.quartz.impl.StdSchedulerFactory      : Using default implementation for ThreadExecutor
2024-05-08T21:36:29.065+07:00  INFO 13992 --- [restartedMain] org.quartz.core.SchedulerSignalerImpl    : Initialized Scheduler Signaller of type: class org.quartz.core.SchedulerSignalerImpl
2024-05-08T21:36:29.065+07:00  INFO 13992 --- [restartedMain] org.quartz.core.QuartzScheduler          : Quartz Scheduler v.2.3.2 created.
2024-05-08T21:36:29.067+07:00  INFO 13992 --- [restartedMain] org.quartz.simpl.RAMJobStore             : RAMJobStore initialized.
2024-05-08T21:36:29.069+07:00  INFO 13992 --- [restartedMain] org.quartz.core.QuartzScheduler          : Scheduler meta-data: Quartz Scheduler (v2.3.2) 'quartzScheduler' with instanceId 'NON_CLUSTERED'
  Scheduler class: 'org.quartz.core.QuartzScheduler' - running locally.
  NOT STARTED.
  Currently in standby mode.
  Number of jobs executed: 0
  Using thread pool 'org.quartz.simpl.SimpleThreadPool' - with 10 threads.
  Using job-store 'org.quartz.simpl.RAMJobStore' - which does not support persistence. and is not clustered.

2024-05-08T21:36:29.072+07:00  INFO 13992 --- [restartedMain] org.quartz.impl.StdSchedulerFactory      : Quartz scheduler 'quartzScheduler' initialized from an externally provided properties instance.
2024-05-08T21:36:29.075+07:00  INFO 13992 --- [restartedMain] org.quartz.impl.StdSchedulerFactory      : Quartz scheduler version: 2.3.2
2024-05-08T21:36:29.077+07:00  INFO 13992 --- [restartedMain] org.quartz.core.QuartzScheduler          : JobFactory set to: org.springframework.scheduling.quartz.SpringBeanJobFactory@390a754
2024-05-08T21:36:29.221+07:00  WARN 13992 --- [restartedMain] o.s.b.d.a.OptionalLiveReloadServer       : Unable to start LiveReload server
2024-05-08T21:36:29.280+07:00  INFO 13992 --- [restartedMain] o.s.b.w.embedded.tomcat.TomcatWebServer  : Tomcat started on port 5555 (http) with context path ''
2024-05-08T21:36:29.284+07:00  INFO 13992 --- [restartedMain] o.s.s.quartz.SchedulerFactoryBean        : Starting Quartz Scheduler now
2024-05-08T21:36:29.285+07:00  INFO 13992 --- [restartedMain] org.quartz.core.QuartzScheduler          : Scheduler quartzScheduler_$_NON_CLUSTERED started.
2024-05-08T21:36:29.304+07:00  INFO 13992 --- [restartedMain] ntk.tlu.project1.Project1Application     : Started Project1Application in 10.249 seconds (process running for 10.893)
2024-05-08T21:37:30.879+07:00  INFO 10236 --- [restartedMain] ntk.tlu.project1.Project1Application     : Starting Project1Application using Java 17.0.10 with PID 10236 (C:\Users\Dell\Downloads\kiendevquen-ShopNTK-master\target\classes started by Dell in C:\Users\Dell\Downloads\kiendevquen-ShopNTK-master)
2024-05-08T21:37:30.884+07:00  INFO 10236 --- [restartedMain] ntk.tlu.project1.Project1Application     : No active profile set, falling back to 1 default profile: "default"
2024-05-08T21:37:30.978+07:00  INFO 10236 --- [restartedMain] .e.DevToolsPropertyDefaultsPostProcessor : Devtools property defaults active! Set 'spring.devtools.add-properties' to 'false' to disable
2024-05-08T21:37:30.979+07:00  INFO 10236 --- [restartedMain] .e.DevToolsPropertyDefaultsPostProcessor : For additional web related logging consider setting the 'logging.level.web' property to 'DEBUG'
2024-05-08T21:37:32.440+07:00  INFO 10236 --- [restartedMain] .s.d.r.c.RepositoryConfigurationDelegate : Bootstrapping Spring Data JPA repositories in DEFAULT mode.
2024-05-08T21:37:32.557+07:00  INFO 10236 --- [restartedMain] .s.d.r.c.RepositoryConfigurationDelegate : Finished Spring Data repository scanning in 103 ms. Found 7 JPA repository interfaces.
2024-05-08T21:37:33.560+07:00  INFO 10236 --- [restartedMain] o.s.b.w.embedded.tomcat.TomcatWebServer  : Tomcat initialized with port 5555 (http)
2024-05-08T21:37:33.578+07:00  INFO 10236 --- [restartedMain] o.apache.catalina.core.StandardService   : Starting service [Tomcat]
2024-05-08T21:37:33.578+07:00  INFO 10236 --- [restartedMain] o.apache.catalina.core.StandardEngine    : Starting Servlet engine: [Apache Tomcat/10.1.18]
2024-05-08T21:37:33.671+07:00  INFO 10236 --- [restartedMain] o.a.c.c.C.[Tomcat].[localhost].[/]       : Initializing Spring embedded WebApplicationContext
2024-05-08T21:37:33.675+07:00  INFO 10236 --- [restartedMain] w.s.c.ServletWebServerApplicationContext : Root WebApplicationContext: initialization completed in 2694 ms
2024-05-08T21:37:33.909+07:00  INFO 10236 --- [restartedMain] com.zaxxer.hikari.HikariDataSource       : HikariPool-1 - Starting...
2024-05-08T21:37:33.919+07:00  WARN 10236 --- [restartedMain] c.zaxxer.hikari.util.DriverDataSource    : Registered driver with driverClassName=com.mysql.jdbc.Driver was not found, trying direct instantiation.
2024-05-08T21:37:34.112+07:00  INFO 10236 --- [restartedMain] com.zaxxer.hikari.pool.HikariPool        : HikariPool-1 - Added connection com.mysql.cj.jdbc.ConnectionImpl@25a6f70c
2024-05-08T21:37:34.115+07:00  INFO 10236 --- [restartedMain] com.zaxxer.hikari.HikariDataSource       : HikariPool-1 - Start completed.
2024-05-08T21:37:34.174+07:00  INFO 10236 --- [restartedMain] o.hibernate.jpa.internal.util.LogHelper  : HHH000204: Processing PersistenceUnitInfo [name: default]
2024-05-08T21:37:34.266+07:00  INFO 10236 --- [restartedMain] org.hibernate.Version                    : HHH000412: Hibernate ORM core version 6.4.1.Final
2024-05-08T21:37:34.335+07:00  INFO 10236 --- [restartedMain] o.h.c.internal.RegionFactoryInitiator    : HHH000026: Second-level cache disabled
2024-05-08T21:37:34.670+07:00  INFO 10236 --- [restartedMain] o.s.o.j.p.SpringPersistenceUnitInfo      : No LoadTimeWeaver setup: ignoring JPA class transformer
2024-05-08T21:37:34.731+07:00  WARN 10236 --- [restartedMain] org.hibernate.orm.deprecation            : HHH90000025: MySQL8Dialect does not need to be specified explicitly using 'hibernate.dialect' (remove the property setting and it will be selected by default)
2024-05-08T21:37:34.741+07:00  WARN 10236 --- [restartedMain] org.hibernate.orm.deprecation            : HHH90000026: MySQL8Dialect has been deprecated; use org.hibernate.dialect.MySQLDialect instead
2024-05-08T21:37:36.116+07:00  INFO 10236 --- [restartedMain] o.h.e.t.j.p.i.JtaPlatformInitiator       : HHH000489: No JTA platform available (set 'hibernate.transaction.jta.platform' to enable JTA platform integration)
2024-05-08T21:37:36.315+07:00  INFO 10236 --- [restartedMain] j.LocalContainerEntityManagerFactoryBean : Initialized JPA EntityManagerFactory for persistence unit 'default'
2024-05-08T21:37:36.679+07:00  INFO 10236 --- [restartedMain] o.s.d.j.r.query.QueryEnhancerFactory     : Hibernate is in classpath; If applicable, HQL parser will be used.
2024-05-08T21:37:38.119+07:00  WARN 10236 --- [restartedMain] JpaBaseConfiguration$JpaWebConfiguration : spring.jpa.open-in-view is enabled by default. Therefore, database queries may be performed during view rendering. Explicitly configure spring.jpa.open-in-view to disable this warning
2024-05-08T21:37:38.566+07:00  INFO 10236 --- [restartedMain] o.s.s.web.DefaultSecurityFilterChain     : Will secure any request with [org.springframework.security.web.session.DisableEncodeUrlFilter@7a755a03, org.springframework.security.web.context.request.async.WebAsyncManagerIntegrationFilter@3fffd0ed, org.springframework.security.web.context.SecurityContextHolderFilter@69bf530b, org.springframework.security.web.header.HeaderWriterFilter@41b663cd, org.springframework.web.filter.CorsFilter@50831ed3, org.springframework.security.web.authentication.logout.LogoutFilter@4b3773b2, org.springframework.security.web.authentication.UsernamePasswordAuthenticationFilter@4ab68cca, org.springframework.security.web.authentication.www.BasicAuthenticationFilter@5387829b, org.springframework.security.web.savedrequest.RequestCacheAwareFilter@3e36c751, org.springframework.security.web.servletapi.SecurityContextHolderAwareRequestFilter@2659f8a1, org.springframework.security.web.authentication.AnonymousAuthenticationFilter@3365c88a, org.springframework.security.web.access.ExceptionTranslationFilter@38e22129, org.springframework.security.web.access.intercept.AuthorizationFilter@519acdc0]
2024-05-08T21:37:39.065+07:00  INFO 10236 --- [restartedMain] org.quartz.impl.StdSchedulerFactory      : Using default implementation for ThreadExecutor
2024-05-08T21:37:39.081+07:00  INFO 10236 --- [restartedMain] org.quartz.core.SchedulerSignalerImpl    : Initialized Scheduler Signaller of type: class org.quartz.core.SchedulerSignalerImpl
2024-05-08T21:37:39.081+07:00  INFO 10236 --- [restartedMain] org.quartz.core.QuartzScheduler          : Quartz Scheduler v.2.3.2 created.
2024-05-08T21:37:39.083+07:00  INFO 10236 --- [restartedMain] org.quartz.simpl.RAMJobStore             : RAMJobStore initialized.
2024-05-08T21:37:39.085+07:00  INFO 10236 --- [restartedMain] org.quartz.core.QuartzScheduler          : Scheduler meta-data: Quartz Scheduler (v2.3.2) 'quartzScheduler' with instanceId 'NON_CLUSTERED'
  Scheduler class: 'org.quartz.core.QuartzScheduler' - running locally.
  NOT STARTED.
  Currently in standby mode.
  Number of jobs executed: 0
  Using thread pool 'org.quartz.simpl.SimpleThreadPool' - with 10 threads.
  Using job-store 'org.quartz.simpl.RAMJobStore' - which does not support persistence. and is not clustered.

2024-05-08T21:37:39.086+07:00  INFO 10236 --- [restartedMain] org.quartz.impl.StdSchedulerFactory      : Quartz scheduler 'quartzScheduler' initialized from an externally provided properties instance.
2024-05-08T21:37:39.088+07:00  INFO 10236 --- [restartedMain] org.quartz.impl.StdSchedulerFactory      : Quartz scheduler version: 2.3.2
2024-05-08T21:37:39.089+07:00  INFO 10236 --- [restartedMain] org.quartz.core.QuartzScheduler          : JobFactory set to: org.springframework.scheduling.quartz.SpringBeanJobFactory@a5742dc
2024-05-08T21:37:39.215+07:00  INFO 10236 --- [restartedMain] o.s.b.d.a.OptionalLiveReloadServer       : LiveReload server is running on port 35729
2024-05-08T21:37:39.264+07:00  INFO 10236 --- [restartedMain] o.s.b.w.embedded.tomcat.TomcatWebServer  : Tomcat started on port 5555 (http) with context path ''
2024-05-08T21:37:39.268+07:00  INFO 10236 --- [restartedMain] o.s.s.quartz.SchedulerFactoryBean        : Starting Quartz Scheduler now
2024-05-08T21:37:39.274+07:00  INFO 10236 --- [restartedMain] org.quartz.core.QuartzScheduler          : Scheduler quartzScheduler_$_NON_CLUSTERED started.
2024-05-08T21:37:39.289+07:00  INFO 10236 --- [restartedMain] ntk.tlu.project1.Project1Application     : Started Project1Application in 8.988 seconds (process running for 9.623)
2024-05-08T21:37:47.014+07:00  INFO 10236 --- [http-nio-5555-exec-1] o.a.c.c.C.[Tomcat].[localhost].[/]       : Initializing Spring DispatcherServlet 'dispatcherServlet'
2024-05-08T21:37:47.015+07:00  INFO 10236 --- [http-nio-5555-exec-1] o.s.web.servlet.DispatcherServlet        : Initializing Servlet 'dispatcherServlet'
2024-05-08T21:37:47.018+07:00  INFO 10236 --- [http-nio-5555-exec-1] o.s.web.servlet.DispatcherServlet        : Completed initialization in 3 ms
